<?xml version="1.0" encoding="UTF-8"?>
<!-- Generated by org.testng.reporters.JUnitXMLReporter -->
<testsuite ignored="0" hostname="LAPTOP-DUJFBR3O" failures="0" tests="3" name="firefox on macOS Ventura" time="29.14" errors="0" timestamp="2024-12-11T12:12:47 IST">
  <testcase classname="seleniumPKG.Scenarios_LT" name="testSimpleFormDemo" time="0.0">
    <skipped/>
  </testcase> <!-- testSimpleFormDemo -->
  <testcase classname="seleniumPKG.Scenarios_LT" name="testDragAndDropSlider" time="0.0">
    <skipped/>
  </testcase> <!-- testDragAndDropSlider -->
  <testcase classname="seleniumPKG.Scenarios_LT" name="testInputFormSubmit" time="0.0">
    <skipped/>
  </testcase> <!-- testInputFormSubmit -->
</testsuite> <!-- firefox on macOS Ventura -->
